Using pre-set license
Built from '6000.0/staging' branch; Version is '6000.0.30f1 (62b05ba0686a) revision 6467675'; Using compiler version '193933523'; Build Type 'Release'
OS: 'Windows 11  (10.0.26100) 64bit Professional' Language: 'en' Physical Memory: 32693 MB
BatchMode: 1, IsHumanControllingUs: 0, StartBugReporterOnCrash: 0, Is64bit: 1, IsPro: 1

COMMAND LINE ARGUMENTS:
E:\Applications\Unity\Installs\6000.0.30f1\Editor\Unity.exe
-adb2
-batchMode
-noUpm
-name
AssetImportWorker0
-projectPath
D:/UnityProjects/ImageRandomizer
-logFile
Logs/AssetImportWorker0.log
-srvPort
54171
-job-worker-count
7
-background-job-worker-count
8
-asset-garbage-collectors
1
Successfully changed project path to: D:/UnityProjects/ImageRandomizer
D:/UnityProjects/ImageRandomizer
[UnityMemory] Configuration Parameters - Can be set up in boot.config
    "memorysetup-bucket-allocator-granularity=16"
    "memorysetup-bucket-allocator-bucket-count=8"
    "memorysetup-bucket-allocator-block-size=33554432"
    "memorysetup-bucket-allocator-block-count=8"
    "memorysetup-main-allocator-block-size=16777216"
    "memorysetup-thread-allocator-block-size=16777216"
    "memorysetup-gfx-main-allocator-block-size=16777216"
    "memorysetup-gfx-thread-allocator-block-size=16777216"
    "memorysetup-cache-allocator-block-size=4194304"
    "memorysetup-typetree-allocator-block-size=2097152"
    "memorysetup-profiler-bucket-allocator-granularity=16"
    "memorysetup-profiler-bucket-allocator-bucket-count=8"
    "memorysetup-profiler-bucket-allocator-block-size=33554432"
    "memorysetup-profiler-bucket-allocator-block-count=8"
    "memorysetup-profiler-allocator-block-size=16777216"
    "memorysetup-profiler-editor-allocator-block-size=1048576"
    "memorysetup-temp-allocator-size-main=16777216"
    "memorysetup-job-temp-allocator-block-size=2097152"
    "memorysetup-job-temp-allocator-block-size-background=1048576"
    "memorysetup-job-temp-allocator-reduction-small-platforms=262144"
    "memorysetup-allocator-temp-initial-block-size-main=262144"
    "memorysetup-allocator-temp-initial-block-size-worker=262144"
    "memorysetup-temp-allocator-size-background-worker=32768"
    "memorysetup-temp-allocator-size-job-worker=262144"
    "memorysetup-temp-allocator-size-preload-manager=33554432"
    "memorysetup-temp-allocator-size-nav-mesh-worker=65536"
    "memorysetup-temp-allocator-size-audio-worker=65536"
    "memorysetup-temp-allocator-size-cloud-worker=32768"
    "memorysetup-temp-allocator-size-gi-baking-worker=262144"
    "memorysetup-temp-allocator-size-gi-baking-worker=262144"
    "memorysetup-temp-allocator-size-gi-baking-worker=262144"
    "memorysetup-temp-allocator-size-gi-baking-worker=262144"
    "memorysetup-temp-allocator-size-gi-baking-worker=262144"
    "memorysetup-temp-allocator-size-gfx=262144"
Player connection [42256]  Target information:

Player connection [42256]  * "[IP] 192.168.1.3 [Port] 0 [Flags] 2 [Guid] 355253357 [EditorId] 355253357 [Version] 1048832 [Id] WindowsEditor(7,Honoki_PC) [Debug] 1 [PackageName] WindowsEditor [ProjectName] Editor" 

Player connection [42256] Host joined multi-casting on [225.0.0.222:54997]...
Player connection [42256] Host joined alternative multi-casting on [225.0.0.222:34997]...
JobSystem: Creating JobQueue using job-worker-count value 7
[Physics::Module] Initialized fallback backend.
[Physics::Module] Id: 0xdecafbad
Library Redirect Path: Library/
[Physics::Module] Selected backend.
[Physics::Module] Name: PhysX
[Physics::Module] Id: 0xf2b8ea05
[Physics::Module] SDK Version: 4.1.2
[Physics::Module] Integration Version: 1.0.0
[Physics::Module] Threading Mode: Multi-Threaded
Refreshing native plugins compatible for Editor in 1.18 ms, found 3 plugins.
Preloading 0 native plugins for Editor in 0.00 ms.
Initialize engine version: 6000.0.30f1 (62b05ba0686a)
[Subsystems] Discovering subsystems at path E:/Applications/Unity/Installs/6000.0.30f1/Editor/Data/Resources/UnitySubsystems
[Subsystems] Discovering subsystems at path D:/UnityProjects/ImageRandomizer/Assets
GfxDevice: creating device client; kGfxThreadingModeNonThreaded
Direct3D:
    Version:  Direct3D 11.0 [level 11.1]
    Renderer: AMD Radeon RX 5700 XT (ID=0x731f)
    Vendor:   ATI
    VRAM:     8124 MB
    Driver:   32.0.12033.1030
Initialize mono
Mono path[0] = 'E:/Applications/Unity/Installs/6000.0.30f1/Editor/Data/Managed'
Mono path[1] = 'E:/Applications/Unity/Installs/6000.0.30f1/Editor/Data/MonoBleedingEdge/lib/mono/unityjit-win32'
Mono config path = 'E:/Applications/Unity/Installs/6000.0.30f1/Editor/Data/MonoBleedingEdge/etc'
Using monoOptions --debugger-agent=transport=dt_socket,embedding=1,server=y,suspend=n,address=127.0.0.1:56372
Begin MonoManager ReloadAssembly
Registering precompiled unity dll's ...
Register platform support module: E:/Applications/Unity/Installs/6000.0.30f1/Editor/Data/PlaybackEngines/WebGLSupport/UnityEditor.WebGL.Extensions.dll
Register platform support module: E:/Applications/Unity/Installs/6000.0.30f1/Editor/Data/PlaybackEngines/WindowsStandaloneSupport/UnityEditor.WindowsStandalone.Extensions.dll
Register platform support module: E:/Applications/Unity/Installs/6000.0.30f1/Editor/Data/PlaybackEngines/AndroidPlayer/UnityEditor.Android.Extensions.dll
Register platform support module: E:/Applications/Unity/Installs/6000.0.30f1/Editor/Data/PlaybackEngines/iOSSupport/UnityEditor.iOS.Extensions.dll
Registered in 0.004260 seconds.
- Loaded All Assemblies, in  0.371 seconds
[usbmuxd] Start listen thread
[usbmuxd] Listen thread started
Native extension for iOS target not found
Native extension for Android target not found
Android Extension - Scanning For ADB Devices 207 ms
Native extension for WindowsStandalone target not found
Native extension for WebGL target not found
Mono: successfully reloaded assembly
- Finished resetting the current domain, in  0.546 seconds
Domain Reload Profiling: 917ms
	BeginReloadAssembly (145ms)
		ExecutionOrderSort (0ms)
		DisableScriptedObjects (0ms)
		BackupInstance (0ms)
		ReleaseScriptingObjects (0ms)
		CreateAndSetChildDomain (1ms)
	RebuildCommonClasses (32ms)
	RebuildNativeTypeToScriptingClass (10ms)
	initialDomainReloadingComplete (45ms)
	LoadAllAssembliesAndSetupDomain (138ms)
		LoadAssemblies (145ms)
		RebuildTransferFunctionScriptingTraits (0ms)
		AnalyzeDomain (134ms)
			TypeCache.Refresh (133ms)
				TypeCache.ScanAssembly (121ms)
			BuildScriptInfoCaches (0ms)
			ResolveRequiredComponents (1ms)
	FinalizeReload (547ms)
		ReleaseScriptCaches (0ms)
		RebuildScriptCaches (0ms)
		SetupLoadedEditorAssemblies (506ms)
			LogAssemblyErrors (0ms)
			InitializePlatformSupportModulesInManaged (296ms)
			SetLoadedEditorAssemblies (4ms)
			BeforeProcessingInitializeOnLoad (49ms)
			ProcessInitializeOnLoadAttributes (103ms)
			ProcessInitializeOnLoadMethodAttributes (54ms)
			AfterProcessingInitializeOnLoad (0ms)
			EditorAssembliesLoaded (0ms)
		ExecutionOrderSort2 (0ms)
		AwakeInstancesAfterBackupRestoration (0ms)
========================================================================
Worker process is ready to serve import requests
Import Worker Mode flag is 0x00
Begin MonoManager ReloadAssembly
- Loaded All Assemblies, in  0.738 seconds
Refreshing native plugins compatible for Editor in 0.76 ms, found 3 plugins.
Native extension for iOS target not found
Native extension for Android target not found
Native extension for WindowsStandalone target not found
Native extension for WebGL target not found
Mono: successfully reloaded assembly
- Finished resetting the current domain, in  0.773 seconds
Domain Reload Profiling: 1510ms
	BeginReloadAssembly (152ms)
		ExecutionOrderSort (0ms)
		DisableScriptedObjects (6ms)
		BackupInstance (0ms)
		ReleaseScriptingObjects (0ms)
		CreateAndSetChildDomain (27ms)
	RebuildCommonClasses (30ms)
	RebuildNativeTypeToScriptingClass (11ms)
	initialDomainReloadingComplete (33ms)
	LoadAllAssembliesAndSetupDomain (510ms)
		LoadAssemblies (364ms)
		RebuildTransferFunctionScriptingTraits (0ms)
		AnalyzeDomain (237ms)
			TypeCache.Refresh (170ms)
				TypeCache.ScanAssembly (153ms)
			BuildScriptInfoCaches (55ms)
			ResolveRequiredComponents (10ms)
	FinalizeReload (773ms)
		ReleaseScriptCaches (0ms)
		RebuildScriptCaches (0ms)
		SetupLoadedEditorAssemblies (636ms)
			LogAssemblyErrors (0ms)
			InitializePlatformSupportModulesInManaged (14ms)
			SetLoadedEditorAssemblies (5ms)
			BeforeProcessingInitializeOnLoad (131ms)
			ProcessInitializeOnLoadAttributes (411ms)
			ProcessInitializeOnLoadMethodAttributes (73ms)
			AfterProcessingInitializeOnLoad (2ms)
			EditorAssembliesLoaded (0ms)
		ExecutionOrderSort2 (0ms)
		AwakeInstancesAfterBackupRestoration (5ms)
Launched and connected shader compiler UnityShaderCompiler.exe after 0.01 seconds
Refreshing native plugins compatible for Editor in 2.19 ms, found 3 plugins.
Preloading 0 native plugins for Editor in 0.00 ms.
Unloading 197 Unused Serialized files (Serialized files now loaded: 0)
Unloading 5920 unused Assets / (4.3 MB). Loaded Objects now: 6591.
Memory consumption went from 155.1 MB to 150.8 MB.
Total: 10.843700 ms (FindLiveObjects: 0.884500 ms CreateObjectMapping: 0.891300 ms MarkObjects: 6.454600 ms  DeleteObjects: 2.610300 ms)

========================================================================
Received Import Request.
  Time since last request: 364903.188747 seconds.
  path: Assets/Plugins/Demigiant
  artifactKey: Guid(2ed4af793e4ffb5479ff47f915754209) Importer(815301076,1909f56bfc062723c751e8b465ee728b)
Start importing Assets/Plugins/Demigiant using Guid(2ed4af793e4ffb5479ff47f915754209) Importer(815301076,1909f56bfc062723c751e8b465ee728b) (PreviewImporter) -> (artifact id: '7cd3f544cbcb8476ef709ef7b0fa6041') in 0.0046763 seconds
Number of updated asset objects reloaded before import = 0Number of asset objects unloaded after import = 0

========================================================================
Received Import Request.
  Time since last request: 0.000013 seconds.
  path: Assets/Plugins
  artifactKey: Guid(f738b9ffcfd72314090cfe557e2cf2ec) Importer(815301076,1909f56bfc062723c751e8b465ee728b)
Start importing Assets/Plugins using Guid(f738b9ffcfd72314090cfe557e2cf2ec) Importer(815301076,1909f56bfc062723c751e8b465ee728b) (PreviewImporter) -> (artifact id: 'c39675260bd600cc7f6a2276be3beaed') in 0.0002862 seconds
Number of updated asset objects reloaded before import = 0Number of asset objects unloaded after import = 0

========================================================================
Received Import Request.
  Time since last request: 27.878969 seconds.
  path: Assets/Settings
  artifactKey: Guid(709f11a7f3c4041caa4ef136ea32d874) Importer(815301076,1909f56bfc062723c751e8b465ee728b)
Start importing Assets/Settings using Guid(709f11a7f3c4041caa4ef136ea32d874) Importer(815301076,1909f56bfc062723c751e8b465ee728b) (PreviewImporter) -> (artifact id: 'c4b47d252bc4e8d77fd6334abcf5e3e8') in 0.0003616 seconds
Number of updated asset objects reloaded before import = 0Number of asset objects unloaded after import = 0

========================================================================
Received Import Request.
  Time since last request: 4.922699 seconds.
  path: Assets
  artifactKey: Guid(00000000000000001000000000000000) Importer(815301076,1909f56bfc062723c751e8b465ee728b)
Start importing Assets using Guid(00000000000000001000000000000000) Importer(815301076,1909f56bfc062723c751e8b465ee728b) (PreviewImporter) -> (artifact id: 'c391582d739b6e62a5220f35cbb167ac') in 0.0003322 seconds
Number of updated asset objects reloaded before import = 0Number of asset objects unloaded after import = 0

========================================================================
Received Import Request.
  Time since last request: 14.304699 seconds.
  path: Assets/ImageRandomizer
  artifactKey: Guid(bc05d5708dbe72a44bc8bef68667fa7f) Importer(815301076,1909f56bfc062723c751e8b465ee728b)
Start importing Assets/ImageRandomizer using Guid(bc05d5708dbe72a44bc8bef68667fa7f) Importer(815301076,1909f56bfc062723c751e8b465ee728b) (PreviewImporter) -> (artifact id: '01f3d746a7cdfa3a6e59822bd8b889dc') in 0.000353 seconds
Number of updated asset objects reloaded before import = 0Number of asset objects unloaded after import = 0

========================================================================
Received Import Request.
  Time since last request: 3.071865 seconds.
  path: Assets/Scenes
  artifactKey: Guid(9c53962885c2c4f449125a979d6ad240) Importer(815301076,1909f56bfc062723c751e8b465ee728b)
Start importing Assets/Scenes using Guid(9c53962885c2c4f449125a979d6ad240) Importer(815301076,1909f56bfc062723c751e8b465ee728b) (PreviewImporter) -> (artifact id: 'd65b75f456837a3494a5e6e744543932') in 0.0003573 seconds
Number of updated asset objects reloaded before import = 0Number of asset objects unloaded after import = 0

========================================================================
Received Import Request.
  Time since last request: 7.934259 seconds.
  path: Assets/Resources
  artifactKey: Guid(6b5757a6298c294468187cfdb466d607) Importer(815301076,1909f56bfc062723c751e8b465ee728b)
Start importing Assets/Resources using Guid(6b5757a6298c294468187cfdb466d607) Importer(815301076,1909f56bfc062723c751e8b465ee728b) (PreviewImporter) -> (artifact id: 'b421b8c987532c43bfbbeaa1b52ac169') in 0.0003558 seconds
Number of updated asset objects reloaded before import = 0Number of asset objects unloaded after import = 0

========================================================================
Received Import Request.
  Time since last request: 41.553247 seconds.
  path: Assets/ImageRandomizer/Scripts
  artifactKey: Guid(7c2ccd66a06151d45b8e94a772862eaf) Importer(815301076,1909f56bfc062723c751e8b465ee728b)
Start importing Assets/ImageRandomizer/Scripts using Guid(7c2ccd66a06151d45b8e94a772862eaf) Importer(815301076,1909f56bfc062723c751e8b465ee728b) (PreviewImporter) -> (artifact id: '6d8200da7eafcea7fd13cd3f85a516dc') in 0.0003665 seconds
Number of updated asset objects reloaded before import = 0Number of asset objects unloaded after import = 0

========================================================================
Received Import Request.
  Time since last request: 12.102645 seconds.
  path: Assets/ImageRandomizer/Sprites
  artifactKey: Guid(ca4d2887c51d1e04dafd836202c4bbf3) Importer(815301076,1909f56bfc062723c751e8b465ee728b)
Start importing Assets/ImageRandomizer/Sprites using Guid(ca4d2887c51d1e04dafd836202c4bbf3) Importer(815301076,1909f56bfc062723c751e8b465ee728b) (PreviewImporter) -> (artifact id: 'd2f7a417d2c5c223c371824d9ed61eed') in 0.0003417 seconds
Number of updated asset objects reloaded before import = 0Number of asset objects unloaded after import = 0

========================================================================
Received Import Request.
  Time since last request: 458.262672 seconds.
  path: Assets/SweetCakesIconPack
  artifactKey: Guid(d2849c4acc820487d80852ffaecca282) Importer(815301076,1909f56bfc062723c751e8b465ee728b)
Start importing Assets/SweetCakesIconPack using Guid(d2849c4acc820487d80852ffaecca282) Importer(815301076,1909f56bfc062723c751e8b465ee728b) (PreviewImporter) -> (artifact id: '0506bf6ad70b7b871db80b01ace52c33') in 0.0004081 seconds
Number of updated asset objects reloaded before import = 0Number of asset objects unloaded after import = 0

========================================================================
Received Import Request.
  Time since last request: 0.741866 seconds.
  path: Assets/SweetCakesIconPack/Sprites
  artifactKey: Guid(4fd910ee55aca4936b48d4f27a3a6afd) Importer(815301076,1909f56bfc062723c751e8b465ee728b)
Start importing Assets/SweetCakesIconPack/Sprites using Guid(4fd910ee55aca4936b48d4f27a3a6afd) Importer(815301076,1909f56bfc062723c751e8b465ee728b) (PreviewImporter) -> (artifact id: '7c496c3399e675237baf22d8152735cd') in 0.0004043 seconds
Number of updated asset objects reloaded before import = 0Number of asset objects unloaded after import = 0

========================================================================
Received Import Request.
  Time since last request: 0.539405 seconds.
  path: Assets/SweetCakesIconPack/Sprites/Cakes
  artifactKey: Guid(66cf8ca536ad043f6bb6febaa4712434) Importer(815301076,1909f56bfc062723c751e8b465ee728b)
Start importing Assets/SweetCakesIconPack/Sprites/Cakes using Guid(66cf8ca536ad043f6bb6febaa4712434) Importer(815301076,1909f56bfc062723c751e8b465ee728b) (PreviewImporter) -> (artifact id: '658296b6ff6087c85c7f67ae49315fa5') in 0.0003169 seconds
Number of updated asset objects reloaded before import = 0Number of asset objects unloaded after import = 0

========================================================================
Received Import Request.
  Time since last request: 0.541683 seconds.
  path: Assets/SweetCakesIconPack/Sprites/Cakes/Cupcakes
  artifactKey: Guid(68737627760e34b1dbc1ec61fea98332) Importer(815301076,1909f56bfc062723c751e8b465ee728b)
Start importing Assets/SweetCakesIconPack/Sprites/Cakes/Cupcakes using Guid(68737627760e34b1dbc1ec61fea98332) Importer(815301076,1909f56bfc062723c751e8b465ee728b) (PreviewImporter) -> (artifact id: 'be90787360c481e9f251c1a8471a247d') in 0.0003044 seconds
Number of updated asset objects reloaded before import = 0Number of asset objects unloaded after import = 0

========================================================================
Received Import Request.
  Time since last request: 0.592516 seconds.
  path: Assets/SweetCakesIconPack/Sprites/Cakes/Cupcakes/PNG
  artifactKey: Guid(e0b0574b46a7647dfa3f32908ca14a4f) Importer(815301076,1909f56bfc062723c751e8b465ee728b)
Start importing Assets/SweetCakesIconPack/Sprites/Cakes/Cupcakes/PNG using Guid(e0b0574b46a7647dfa3f32908ca14a4f) Importer(815301076,1909f56bfc062723c751e8b465ee728b) (PreviewImporter) -> (artifact id: '7fb66f6eb3f54992b226ccbf4c3c568c') in 0.000323 seconds
Number of updated asset objects reloaded before import = 0Number of asset objects unloaded after import = 0

========================================================================
Received Import Request.
  Time since last request: 1.088153 seconds.
  path: Assets/SweetCakesIconPack/Sprites/Cakes/Cupcakes/PNG/Black-Skull-Cupcake.png
  artifactKey: Guid(b7cd188ea861a454282034136b27c1df) Importer(815301076,1909f56bfc062723c751e8b465ee728b)
Start importing Assets/SweetCakesIconPack/Sprites/Cakes/Cupcakes/PNG/Black-Skull-Cupcake.png using Guid(b7cd188ea861a454282034136b27c1df) Importer(815301076,1909f56bfc062723c751e8b465ee728b) (PreviewImporter) -> (artifact id: 'ccba09a7bfb35588bca0d3d727573a40') in 0.1319791 seconds
Number of updated asset objects reloaded before import = 0Number of asset objects unloaded after import = 3

========================================================================
Received Import Request.
  Time since last request: 1.056139 seconds.
  path: Assets/SweetCakesIconPack/Sprites/Cakes/Cupcakes/PNG/Choco-Cherry-ColorBubbles-Cupcake.png
  artifactKey: Guid(157fe9aed8d654401a2edd0608eb4305) Importer(815301076,1909f56bfc062723c751e8b465ee728b)
Start importing Assets/SweetCakesIconPack/Sprites/Cakes/Cupcakes/PNG/Choco-Cherry-ColorBubbles-Cupcake.png using Guid(157fe9aed8d654401a2edd0608eb4305) Importer(815301076,1909f56bfc062723c751e8b465ee728b) (PreviewImporter) -> (artifact id: 'e93332e46e7fd10d551645626f050739') in 0.014637 seconds
Number of updated asset objects reloaded before import = 0Number of asset objects unloaded after import = 3

========================================================================
Received Import Request.
  Time since last request: 0.369935 seconds.
  path: Assets/SweetCakesIconPack/Sprites/Cakes/Cupcakes/PNG/Green-BloodEyes-Cupcake.png
  artifactKey: Guid(f99ac59baca94418ea6b69d5e1fe2378) Importer(815301076,1909f56bfc062723c751e8b465ee728b)
Start importing Assets/SweetCakesIconPack/Sprites/Cakes/Cupcakes/PNG/Green-BloodEyes-Cupcake.png using Guid(f99ac59baca94418ea6b69d5e1fe2378) Importer(815301076,1909f56bfc062723c751e8b465ee728b) (PreviewImporter) -> (artifact id: 'aeed892aa3f15a108b9d8a224b60b1d3') in 0.0145943 seconds
Number of updated asset objects reloaded before import = 0Number of asset objects unloaded after import = 3

========================================================================
Received Import Request.
  Time since last request: 0.251365 seconds.
  path: Assets/SweetCakesIconPack/Sprites/Cakes/Cupcakes/PNG/Orange-CreamTopFruit-Cupcake.png
  artifactKey: Guid(eac7fca1c76e84434a153939beb35527) Importer(815301076,1909f56bfc062723c751e8b465ee728b)
Start importing Assets/SweetCakesIconPack/Sprites/Cakes/Cupcakes/PNG/Orange-CreamTopFruit-Cupcake.png using Guid(eac7fca1c76e84434a153939beb35527) Importer(815301076,1909f56bfc062723c751e8b465ee728b) (PreviewImporter) -> (artifact id: '73b0dfae2f707824b6694e20e7b16bf4') in 0.0146872 seconds
Number of updated asset objects reloaded before import = 0Number of asset objects unloaded after import = 3

========================================================================
Received Import Request.
  Time since last request: 0.244776 seconds.
  path: Assets/SweetCakesIconPack/Sprites/Cakes/Cupcakes/PNG/Pink-CreamTopFruit-Cupcake.png
  artifactKey: Guid(f4f67717eb7b2409a9505ea88c6d1b99) Importer(815301076,1909f56bfc062723c751e8b465ee728b)
Start importing Assets/SweetCakesIconPack/Sprites/Cakes/Cupcakes/PNG/Pink-CreamTopFruit-Cupcake.png using Guid(f4f67717eb7b2409a9505ea88c6d1b99) Importer(815301076,1909f56bfc062723c751e8b465ee728b) (PreviewImporter) -> (artifact id: 'a0c90e5374b4b4dc05b5418eca9a427c') in 0.0122113 seconds
Number of updated asset objects reloaded before import = 0Number of asset objects unloaded after import = 3

========================================================================
Received Import Request.
  Time since last request: 0.245339 seconds.
  path: Assets/SweetCakesIconPack/Sprites/Cakes/Cupcakes/PNG/Purple-CreamTopFruit-Cupcake.png
  artifactKey: Guid(a0cce52b48bf34ff3a1a14abf5a333a7) Importer(815301076,1909f56bfc062723c751e8b465ee728b)
Start importing Assets/SweetCakesIconPack/Sprites/Cakes/Cupcakes/PNG/Purple-CreamTopFruit-Cupcake.png using Guid(a0cce52b48bf34ff3a1a14abf5a333a7) Importer(815301076,1909f56bfc062723c751e8b465ee728b) (PreviewImporter) -> (artifact id: '2885dc2892840c71b100c8ceaa8d7ec8') in 0.0118229 seconds
Number of updated asset objects reloaded before import = 0Number of asset objects unloaded after import = 3

========================================================================
Received Import Request.
  Time since last request: 0.261435 seconds.
  path: Assets/SweetCakesIconPack/Sprites/Cakes/Cupcakes/PNG/Rainbow-Cupcake.png
  artifactKey: Guid(5c4132a73dc604c0fb9bfb6352967412) Importer(815301076,1909f56bfc062723c751e8b465ee728b)
Start importing Assets/SweetCakesIconPack/Sprites/Cakes/Cupcakes/PNG/Rainbow-Cupcake.png using Guid(5c4132a73dc604c0fb9bfb6352967412) Importer(815301076,1909f56bfc062723c751e8b465ee728b) (PreviewImporter) -> (artifact id: '9301f6c40185122b520784aed8523d2c') in 0.0128554 seconds
Number of updated asset objects reloaded before import = 0Number of asset objects unloaded after import = 3

========================================================================
Received Import Request.
  Time since last request: 0.287567 seconds.
  path: Assets/SweetCakesIconPack/Sprites/Cakes/Cupcakes/PNG/Red-ColorBubbles-Cupcake.png
  artifactKey: Guid(1d8d72f363d1740f283d33d5b3d3b5ff) Importer(815301076,1909f56bfc062723c751e8b465ee728b)
Start importing Assets/SweetCakesIconPack/Sprites/Cakes/Cupcakes/PNG/Red-ColorBubbles-Cupcake.png using Guid(1d8d72f363d1740f283d33d5b3d3b5ff) Importer(815301076,1909f56bfc062723c751e8b465ee728b) (PreviewImporter) -> (artifact id: 'bdba945403db54c5d30b24338f653f67') in 0.0132374 seconds
Number of updated asset objects reloaded before import = 0Number of asset objects unloaded after import = 3

========================================================================
Received Import Request.
  Time since last request: 0.257089 seconds.
  path: Assets/SweetCakesIconPack/Sprites/Cakes/Cupcakes/PNG/Turquoise-Cupcake.png
  artifactKey: Guid(d1a25a6b1e68449b4818f9052da58cf9) Importer(815301076,1909f56bfc062723c751e8b465ee728b)
Start importing Assets/SweetCakesIconPack/Sprites/Cakes/Cupcakes/PNG/Turquoise-Cupcake.png using Guid(d1a25a6b1e68449b4818f9052da58cf9) Importer(815301076,1909f56bfc062723c751e8b465ee728b) (PreviewImporter) -> (artifact id: 'ae4a02d7a505fd832689e241a8f52b8f') in 0.0123894 seconds
Number of updated asset objects reloaded before import = 0Number of asset objects unloaded after import = 3

========================================================================
Received Import Request.
  Time since last request: 0.255598 seconds.
  path: Assets/SweetCakesIconPack/Sprites/Cakes/Cupcakes/PNG/Yellow-CreamTopFruit-Cupcake.png
  artifactKey: Guid(f31c8fbbf61664eb087fd13a93452c75) Importer(815301076,1909f56bfc062723c751e8b465ee728b)
Start importing Assets/SweetCakesIconPack/Sprites/Cakes/Cupcakes/PNG/Yellow-CreamTopFruit-Cupcake.png using Guid(f31c8fbbf61664eb087fd13a93452c75) Importer(815301076,1909f56bfc062723c751e8b465ee728b) (PreviewImporter) -> (artifact id: '02231cf5bf79342ec02d32a8592b5c93') in 0.0125923 seconds
Number of updated asset objects reloaded before import = 0Number of asset objects unloaded after import = 3

